09:40:50.893 WARN  --- [HikariPool-1 housekeeper] com.zaxxer.hikari.pool.HikariPool : HikariPool-1 - Thread starvation or clock leap detected (housekeeper delta=16h30m36s455ms301µs). 
09:43:29.618 INFO  --- [restartedMain] c.l.example.LcomTestApplication : Starting LcomTestApplication on DESKTOP-1ECNFRJ with PID 10004 (C:\Users\user\Documents\GitHub\lcom_test\bin\main started by user in C:\Users\user\Documents\GitHub\lcom_test) 
09:43:29.620 DEBUG --- [restartedMain] c.l.example.LcomTestApplication : Running with Spring Boot v2.3.4.RELEASE, Spring v5.2.9.RELEASE 
09:43:29.621 INFO  --- [restartedMain] c.l.example.LcomTestApplication : The following profiles are active: local 
09:43:31.531 DEBUG --- [restartedMain] c.l.example.config.AuthTokenFilter : Filter 'authenticationJwtTokenFilter' configured for use 
09:43:32.134 INFO  --- [restartedMain] c.l.example.LcomTestApplication : Started LcomTestApplication in 3.114 seconds (JVM running for 4.13) 
09:43:42.948 DEBUG --- [http-nio-9000-exec-1] c.l.e.m.P.selectProductList : ==>  Preparing: SELECT p.p_id, p.p_name, p.p_date, p.p_price, p.p_from, p.p_brand, i.i_id, i.p_id, i.i_name, i.i_pk FROM vue_product p LEFT JOIN vue_img i ON p.p_id = i.p_id LIMIT ?,8 
09:43:42.977 DEBUG --- [http-nio-9000-exec-1] c.l.e.m.P.selectProductList : ==> Parameters: 0(Integer) 
09:43:43.001 TRACE --- [http-nio-9000-exec-1] c.l.e.m.P.selectProductList : <==    Columns: p_id, p_name, p_date, p_price, p_from, p_brand, i_id, p_id, i_name, i_pk 
09:43:43.002 TRACE --- [http-nio-9000-exec-1] c.l.e.m.P.selectProductList : <==        Row: 67, Test, 2021-07-13 14:42:29, 30000, Test, Test, 67, 67, 쇼핑몰 사진 예시.PNG, 1626060746931 
09:43:43.005 TRACE --- [http-nio-9000-exec-1] c.l.e.m.P.selectProductList : <==        Row: 75, Test, 2021-07-13 15:50:56, 30000, Test, Test, 75, 75, 쇼핑몰 예시 3.PNG, 1626158901268 
09:43:43.006 TRACE --- [http-nio-9000-exec-1] c.l.e.m.P.selectProductList : <==        Row: 76, Test, 2021-07-13 15:51:05, 30000, Test, Test, 76, 76, 쇼핑몰 예시 4.PNG, 1626158918561 
09:43:43.007 TRACE --- [http-nio-9000-exec-1] c.l.e.m.P.selectProductList : <==        Row: 77, Test, 2021-07-13 15:51:14, 30000, Test, Test, 77, 77, 쇼핑몰 예시 5.PNG, 1626158937829 
09:43:43.008 TRACE --- [http-nio-9000-exec-1] c.l.e.m.P.selectProductList : <==        Row: 84, Test, 2021-07-19 15:39:06, 30000, Test, Test, 84, 84, 쇼핑몰 예시 3.PNG, 202161961626158901268 
09:43:43.009 DEBUG --- [http-nio-9000-exec-1] c.l.e.m.P.selectProductList : <==      Total: 5 
09:43:43.013 INFO  --- [http-nio-9000-exec-1] c.l.e.controller.AuthController : [com.lcom_test.example.domain.Product@413b5d7, com.lcom_test.example.domain.Product@40432c99, com.lcom_test.example.domain.Product@6c541c4a, com.lcom_test.example.domain.Product@525e8db6, com.lcom_test.example.domain.Product@4bfa2727] 
09:43:43.348 DEBUG --- [http-nio-9000-exec-2] c.l.e.m.P.selectProductList : ==>  Preparing: SELECT p.p_id, p.p_name, p.p_date, p.p_price, p.p_from, p.p_brand, i.i_id, i.p_id, i.i_name, i.i_pk FROM vue_product p LEFT JOIN vue_img i ON p.p_id = i.p_id LIMIT ?,8 
09:43:43.349 DEBUG --- [http-nio-9000-exec-2] c.l.e.m.P.selectProductList : ==> Parameters: 8(Integer) 
09:43:43.350 DEBUG --- [http-nio-9000-exec-2] c.l.e.m.P.selectProductList : <==      Total: 0 
09:43:43.351 INFO  --- [http-nio-9000-exec-2] c.l.e.controller.AuthController : [] 
09:43:52.715 DEBUG --- [http-nio-9000-exec-4] c.l.e.controller.AuthController : pId:75 
09:43:52.716 DEBUG --- [http-nio-9000-exec-4] c.l.e.m.ProductMapper.getProduct : ==>  Preparing: SELECT p.p_id, p.p_name, p.p_price, p.p_from, p.p_brand, i.i_name, i.i_pk, i.p_id FROM vue_product p LEFT JOIN vue_img i ON p.p_id = i.p_id WHERE p.p_id = ? 
09:43:52.716 DEBUG --- [http-nio-9000-exec-4] c.l.e.m.ProductMapper.getProduct : ==> Parameters: 75(Integer) 
09:43:52.717 TRACE --- [http-nio-9000-exec-4] c.l.e.m.ProductMapper.getProduct : <==    Columns: p_id, p_name, p_price, p_from, p_brand, i_name, i_pk, p_id 
09:43:52.718 TRACE --- [http-nio-9000-exec-4] c.l.e.m.ProductMapper.getProduct : <==        Row: 75, Test, 30000, Test, Test, 쇼핑몰 예시 3.PNG, 1626158901268, 75 
09:43:52.718 DEBUG --- [http-nio-9000-exec-4] c.l.e.m.ProductMapper.getProduct : <==      Total: 1 
09:44:05.314 WARN  --- [http-nio-9000-exec-5] o.s.w.s.m.s.DefaultHandlerExceptionResolver : Resolved [org.springframework.web.method.annotation.MethodArgumentTypeMismatchException: Failed to convert value of type 'java.lang.String' to required type 'int'; nested exception is java.lang.NumberFormatException: For input string: "undefined"] 
09:44:10.386 DEBUG --- [http-nio-9000-exec-6] c.l.e.m.P.selectProductList : ==>  Preparing: SELECT p.p_id, p.p_name, p.p_date, p.p_price, p.p_from, p.p_brand, i.i_id, i.p_id, i.i_name, i.i_pk FROM vue_product p LEFT JOIN vue_img i ON p.p_id = i.p_id LIMIT ?,8 
09:44:10.387 DEBUG --- [http-nio-9000-exec-6] c.l.e.m.P.selectProductList : ==> Parameters: 0(Integer) 
09:44:10.388 TRACE --- [http-nio-9000-exec-6] c.l.e.m.P.selectProductList : <==    Columns: p_id, p_name, p_date, p_price, p_from, p_brand, i_id, p_id, i_name, i_pk 
09:44:10.389 TRACE --- [http-nio-9000-exec-6] c.l.e.m.P.selectProductList : <==        Row: 67, Test, 2021-07-13 14:42:29, 30000, Test, Test, 67, 67, 쇼핑몰 사진 예시.PNG, 1626060746931 
09:44:10.389 TRACE --- [http-nio-9000-exec-6] c.l.e.m.P.selectProductList : <==        Row: 75, Test, 2021-07-13 15:50:56, 30000, Test, Test, 75, 75, 쇼핑몰 예시 3.PNG, 1626158901268 
09:44:10.390 TRACE --- [http-nio-9000-exec-6] c.l.e.m.P.selectProductList : <==        Row: 76, Test, 2021-07-13 15:51:05, 30000, Test, Test, 76, 76, 쇼핑몰 예시 4.PNG, 1626158918561 
09:44:10.392 TRACE --- [http-nio-9000-exec-6] c.l.e.m.P.selectProductList : <==        Row: 77, Test, 2021-07-13 15:51:14, 30000, Test, Test, 77, 77, 쇼핑몰 예시 5.PNG, 1626158937829 
09:44:10.393 TRACE --- [http-nio-9000-exec-6] c.l.e.m.P.selectProductList : <==        Row: 84, Test, 2021-07-19 15:39:06, 30000, Test, Test, 84, 84, 쇼핑몰 예시 3.PNG, 202161961626158901268 
09:44:10.394 DEBUG --- [http-nio-9000-exec-6] c.l.e.m.P.selectProductList : <==      Total: 5 
09:44:10.394 INFO  --- [http-nio-9000-exec-6] c.l.e.controller.AuthController : [com.lcom_test.example.domain.Product@732893d3, com.lcom_test.example.domain.Product@362a13d2, com.lcom_test.example.domain.Product@4841e054, com.lcom_test.example.domain.Product@75660e4, com.lcom_test.example.domain.Product@30d7cdd6] 
09:44:10.409 DEBUG --- [http-nio-9000-exec-7] c.l.e.m.P.selectProductList : ==>  Preparing: SELECT p.p_id, p.p_name, p.p_date, p.p_price, p.p_from, p.p_brand, i.i_id, i.p_id, i.i_name, i.i_pk FROM vue_product p LEFT JOIN vue_img i ON p.p_id = i.p_id LIMIT ?,8 
09:44:10.409 DEBUG --- [http-nio-9000-exec-7] c.l.e.m.P.selectProductList : ==> Parameters: 8(Integer) 
09:44:10.412 DEBUG --- [http-nio-9000-exec-7] c.l.e.m.P.selectProductList : <==      Total: 0 
09:44:10.412 INFO  --- [http-nio-9000-exec-7] c.l.e.controller.AuthController : [] 
09:44:11.924 DEBUG --- [http-nio-9000-exec-8] c.l.e.controller.AuthController : pId:75 
09:44:11.926 DEBUG --- [http-nio-9000-exec-8] c.l.e.m.ProductMapper.getProduct : ==>  Preparing: SELECT p.p_id, p.p_name, p.p_price, p.p_from, p.p_brand, i.i_name, i.i_pk, i.p_id FROM vue_product p LEFT JOIN vue_img i ON p.p_id = i.p_id WHERE p.p_id = ? 
09:44:11.926 DEBUG --- [http-nio-9000-exec-8] c.l.e.m.ProductMapper.getProduct : ==> Parameters: 75(Integer) 
09:44:11.927 TRACE --- [http-nio-9000-exec-8] c.l.e.m.ProductMapper.getProduct : <==    Columns: p_id, p_name, p_price, p_from, p_brand, i_name, i_pk, p_id 
09:44:11.928 TRACE --- [http-nio-9000-exec-8] c.l.e.m.ProductMapper.getProduct : <==        Row: 75, Test, 30000, Test, Test, 쇼핑몰 예시 3.PNG, 1626158901268, 75 
09:44:11.928 DEBUG --- [http-nio-9000-exec-8] c.l.e.m.ProductMapper.getProduct : <==      Total: 1 
09:44:17.659 DEBUG --- [http-nio-9000-exec-1] c.l.e.controller.AuthController : Product=com.lcom_test.example.domain.Product@ae1f99b 
09:51:55.710 DEBUG --- [http-nio-9000-exec-3] c.l.e.controller.AuthController : pId:75 
09:51:55.712 DEBUG --- [http-nio-9000-exec-3] c.l.e.m.ProductMapper.getProduct : ==>  Preparing: SELECT p.p_id, p.p_name, p.p_price, p.p_from, p.p_brand, i.i_name, i.i_pk, i.p_id FROM vue_product p LEFT JOIN vue_img i ON p.p_id = i.p_id WHERE p.p_id = ? 
09:51:55.712 DEBUG --- [http-nio-9000-exec-3] c.l.e.m.ProductMapper.getProduct : ==> Parameters: 75(Integer) 
09:51:55.712 TRACE --- [http-nio-9000-exec-3] c.l.e.m.ProductMapper.getProduct : <==    Columns: p_id, p_name, p_price, p_from, p_brand, i_name, i_pk, p_id 
09:51:55.713 TRACE --- [http-nio-9000-exec-3] c.l.e.m.ProductMapper.getProduct : <==        Row: 75, Test, 30000, Test, Test, 쇼핑몰 예시 3.PNG, 1626158901268, 75 
09:51:55.713 DEBUG --- [http-nio-9000-exec-3] c.l.e.m.ProductMapper.getProduct : <==      Total: 1 
09:53:15.782 INFO  --- [restartedMain] c.l.example.LcomTestApplication : Starting LcomTestApplication on DESKTOP-1ECNFRJ with PID 10004 (C:\Users\user\Documents\GitHub\lcom_test\bin\main started by user in C:\Users\user\Documents\GitHub\lcom_test) 
09:53:15.782 DEBUG --- [restartedMain] c.l.example.LcomTestApplication : Running with Spring Boot v2.3.4.RELEASE, Spring v5.2.9.RELEASE 
09:53:15.783 INFO  --- [restartedMain] c.l.example.LcomTestApplication : The following profiles are active: local 
09:53:16.142 ERROR --- [restartedMain] o.s.b.w.e.tomcat.TomcatStarter : Error starting Tomcat context. Exception: org.springframework.beans.factory.UnsatisfiedDependencyException. Message: Error creating bean with name 'webSecurityConfig': Unsatisfied dependency expressed through field 'userService'; nested exception is org.springframework.beans.factory.UnsatisfiedDependencyException: Error creating bean with name 'userServiceImpl': Unsatisfied dependency expressed through field 'userMapper'; nested exception is org.springframework.beans.factory.UnsatisfiedDependencyException: Error creating bean with name 'userMapper' defined in file [C:\Users\user\Documents\GitHub\lcom_test\bin\main\com\lcom_test\example\mapper\UserMapper.class]: Unsatisfied dependency expressed through bean property 'sqlSessionFactory'; nested exception is org.springframework.beans.factory.BeanCreationException: Error creating bean with name 'sqlSessionFactory' defined in class path resource [org/mybatis/spring/boot/autoconfigure/MybatisAutoConfiguration.class]: Bean instantiation via factory method failed; nested exception is org.springframework.beans.BeanInstantiationException: Failed to instantiate [org.apache.ibatis.session.SqlSessionFactory]: Factory method 'sqlSessionFactory' threw exception; nested exception is java.lang.IllegalStateException: Illegal access: this web application instance has been stopped already. Could not load [mapper/]. The following stack trace is thrown for debugging purposes as well as to attempt to terminate the thread which caused the illegal access. 
09:53:16.145 WARN  --- [restartedMain] o.s.b.w.s.c.AnnotationConfigServletWebServerApplicationContext : Exception encountered during context initialization - cancelling refresh attempt: org.springframework.context.ApplicationContextException: Unable to start web server; nested exception is org.springframework.boot.web.server.WebServerException: Unable to start embedded Tomcat 
09:53:16.152 ERROR --- [restartedMain] o.s.boot.SpringApplication : Application run failed 
org.springframework.context.ApplicationContextException: Unable to start web server; nested exception is org.springframework.boot.web.server.WebServerException: Unable to start embedded Tomcat
	at org.springframework.boot.web.servlet.context.ServletWebServerApplicationContext.onRefresh(ServletWebServerApplicationContext.java:161)
	at org.springframework.context.support.AbstractApplicationContext.refresh(AbstractApplicationContext.java:545)
	at org.springframework.boot.web.servlet.context.ServletWebServerApplicationContext.refresh(ServletWebServerApplicationContext.java:143)
	at org.springframework.boot.SpringApplication.refresh(SpringApplication.java:758)
	at org.springframework.boot.SpringApplication.refresh(SpringApplication.java:750)
	at org.springframework.boot.SpringApplication.refreshContext(SpringApplication.java:397)
	at org.springframework.boot.SpringApplication.run(SpringApplication.java:315)
	at org.springframework.boot.SpringApplication.run(SpringApplication.java:1237)
	at org.springframework.boot.SpringApplication.run(SpringApplication.java:1226)
	at com.lcom_test.example.LcomTestApplication.main(LcomTestApplication.java:10)
	at sun.reflect.NativeMethodAccessorImpl.invoke0(Native Method)
	at sun.reflect.NativeMethodAccessorImpl.invoke(NativeMethodAccessorImpl.java:62)
	at sun.reflect.DelegatingMethodAccessorImpl.invoke(DelegatingMethodAccessorImpl.java:43)
	at java.lang.reflect.Method.invoke(Method.java:498)
	at org.springframework.boot.devtools.restart.RestartLauncher.run(RestartLauncher.java:49)
Caused by: org.springframework.boot.web.server.WebServerException: Unable to start embedded Tomcat
	at org.springframework.boot.web.embedded.tomcat.TomcatWebServer.initialize(TomcatWebServer.java:142)
	at org.springframework.boot.web.embedded.tomcat.TomcatWebServer.<init>(TomcatWebServer.java:104)
	at org.springframework.boot.web.embedded.tomcat.TomcatServletWebServerFactory.getTomcatWebServer(TomcatServletWebServerFactory.java:437)
	at org.springframework.boot.web.embedded.tomcat.TomcatServletWebServerFactory.getWebServer(TomcatServletWebServerFactory.java:191)
	at org.springframework.boot.web.servlet.context.ServletWebServerApplicationContext.createWebServer(ServletWebServerApplicationContext.java:178)
	at org.springframework.boot.web.servlet.context.ServletWebServerApplicationContext.onRefresh(ServletWebServerApplicationContext.java:158)
	... 14 common frames omitted
Caused by: org.springframework.beans.factory.UnsatisfiedDependencyException: Error creating bean with name 'webSecurityConfig': Unsatisfied dependency expressed through field 'userService'; nested exception is org.springframework.beans.factory.UnsatisfiedDependencyException: Error creating bean with name 'userServiceImpl': Unsatisfied dependency expressed through field 'userMapper'; nested exception is org.springframework.beans.factory.UnsatisfiedDependencyException: Error creating bean with name 'userMapper' defined in file [C:\Users\user\Documents\GitHub\lcom_test\bin\main\com\lcom_test\example\mapper\UserMapper.class]: Unsatisfied dependency expressed through bean property 'sqlSessionFactory'; nested exception is org.springframework.beans.factory.BeanCreationException: Error creating bean with name 'sqlSessionFactory' defined in class path resource [org/mybatis/spring/boot/autoconfigure/MybatisAutoConfiguration.class]: Bean instantiation via factory method failed; nested exception is org.springframework.beans.BeanInstantiationException: Failed to instantiate [org.apache.ibatis.session.SqlSessionFactory]: Factory method 'sqlSessionFactory' threw exception; nested exception is java.lang.IllegalStateException: Illegal access: this web application instance has been stopped already. Could not load [mapper/]. The following stack trace is thrown for debugging purposes as well as to attempt to terminate the thread which caused the illegal access.
	at org.springframework.beans.factory.annotation.AutowiredAnnotationBeanPostProcessor$AutowiredFieldElement.inject(AutowiredAnnotationBeanPostProcessor.java:643)
	at org.springframework.beans.factory.annotation.InjectionMetadata.inject(InjectionMetadata.java:130)
	at org.springframework.beans.factory.annotation.AutowiredAnnotationBeanPostProcessor.postProcessProperties(AutowiredAnnotationBeanPostProcessor.java:399)
	at org.springframework.beans.factory.support.AbstractAutowireCapableBeanFactory.populateBean(AbstractAutowireCapableBeanFactory.java:1420)
	at org.springframework.beans.factory.support.AbstractAutowireCapableBeanFactory.doCreateBean(AbstractAutowireCapableBeanFactory.java:593)
	at org.springframework.beans.factory.support.AbstractAutowireCapableBeanFactory.createBean(AbstractAutowireCapableBeanFactory.java:516)
	at org.springframework.beans.factory.support.AbstractBeanFactory.lambda$doGetBean$0(AbstractBeanFactory.java:324)
	at org.springframework.beans.factory.support.DefaultSingletonBeanRegistry.getSingleton(DefaultSingletonBeanRegistry.java:234)
	at org.springframework.beans.factory.support.AbstractBeanFactory.doGetBean(AbstractBeanFactory.java:322)
	at org.springframework.beans.factory.support.AbstractBeanFactory.getBean(AbstractBeanFactory.java:202)
	at org.springframework.beans.factory.support.ConstructorResolver.instantiateUsingFactoryMethod(ConstructorResolver.java:408)
	at org.springframework.beans.factory.support.AbstractAutowireCapableBeanFactory.instantiateUsingFactoryMethod(AbstractAutowireCapableBeanFactory.java:1336)
	at org.springframework.beans.factory.support.AbstractAutowireCapableBeanFactory.createBeanInstance(AbstractAutowireCapableBeanFactory.java:1176)
	at org.springframework.beans.factory.support.AbstractAutowireCapableBeanFactory.doCreateBean(AbstractAutowireCapableBeanFactory.java:556)
	at org.springframework.beans.factory.support.AbstractAutowireCapableBeanFactory.createBean(AbstractAutowireCapableBeanFactory.java:516)
	at org.springframework.beans.factory.support.AbstractBeanFactory.lambda$doGetBean$0(AbstractBeanFactory.java:324)
	at org.springframework.beans.factory.support.DefaultSingletonBeanRegistry.getSingleton(DefaultSingletonBeanRegistry.java:234)
	at org.springframework.beans.factory.support.AbstractBeanFactory.doGetBean(AbstractBeanFactory.java:322)
	at org.springframework.beans.factory.support.AbstractBeanFactory.getBean(AbstractBeanFactory.java:207)
	at org.springframework.boot.web.servlet.ServletContextInitializerBeans.getOrderedBeansOfType(ServletContextInitializerBeans.java:211)
	at org.springframework.boot.web.servlet.ServletContextInitializerBeans.addAsRegistrationBean(ServletContextInitializerBeans.java:174)
	at org.springframework.boot.web.servlet.ServletContextInitializerBeans.addAsRegistrationBean(ServletContextInitializerBeans.java:169)
	at org.springframework.boot.web.servlet.ServletContextInitializerBeans.addAdaptableBeans(ServletContextInitializerBeans.java:154)
	at org.springframework.boot.web.servlet.ServletContextInitializerBeans.<init>(ServletContextInitializerBeans.java:86)
	at org.springframework.boot.web.servlet.context.ServletWebServerApplicationContext.getServletContextInitializerBeans(ServletWebServerApplicationContext.java:255)
	at org.springframework.boot.web.servlet.context.ServletWebServerApplicationContext.selfInitialize(ServletWebServerApplicationContext.java:229)
	at org.springframework.boot.web.embedded.tomcat.TomcatStarter.onStartup(TomcatStarter.java:53)
	at org.apache.catalina.core.StandardContext.startInternal(StandardContext.java:5128)
	at org.apache.catalina.util.LifecycleBase.start(LifecycleBase.java:183)
	at org.apache.catalina.core.ContainerBase$StartChild.call(ContainerBase.java:1384)
	at org.apache.catalina.core.ContainerBase$StartChild.call(ContainerBase.java:1374)
	at java.util.concurrent.FutureTask.run(FutureTask.java:266)
	at org.apache.tomcat.util.threads.InlineExecutorService.execute(InlineExecutorService.java:75)
	at java.util.concurrent.AbstractExecutorService.submit(AbstractExecutorService.java:134)
	at org.apache.catalina.core.ContainerBase.startInternal(ContainerBase.java:909)
	at org.apache.catalina.core.StandardHost.startInternal(StandardHost.java:843)
	at org.apache.catalina.util.LifecycleBase.start(LifecycleBase.java:183)
	at org.apache.catalina.core.ContainerBase$StartChild.call(ContainerBase.java:1384)
	at org.apache.catalina.core.ContainerBase$StartChild.call(ContainerBase.java:1374)
	at java.util.concurrent.FutureTask.run(FutureTask.java:266)
	at org.apache.tomcat.util.threads.InlineExecutorService.execute(InlineExecutorService.java:75)
	at java.util.concurrent.AbstractExecutorService.submit(AbstractExecutorService.java:134)
	at org.apache.catalina.core.ContainerBase.startInternal(ContainerBase.java:909)
	at org.apache.catalina.core.StandardEngine.startInternal(StandardEngine.java:262)
	at org.apache.catalina.util.LifecycleBase.start(LifecycleBase.java:183)
	at org.apache.catalina.core.StandardService.startInternal(StandardService.java:421)
	at org.apache.catalina.util.LifecycleBase.start(LifecycleBase.java:183)
	at org.apache.catalina.core.StandardServer.startInternal(StandardServer.java:930)
	at org.apache.catalina.util.LifecycleBase.start(LifecycleBase.java:183)
	at org.apache.catalina.startup.Tomcat.start(Tomcat.java:486)
	at org.springframework.boot.web.embedded.tomcat.TomcatWebServer.initialize(TomcatWebServer.java:123)
	... 19 common frames omitted
Caused by: org.springframework.beans.factory.UnsatisfiedDependencyException: Error creating bean with name 'userServiceImpl': Unsatisfied dependency expressed through field 'userMapper'; nested exception is org.springframework.beans.factory.UnsatisfiedDependencyException: Error creating bean with name 'userMapper' defined in file [C:\Users\user\Documents\GitHub\lcom_test\bin\main\com\lcom_test\example\mapper\UserMapper.class]: Unsatisfied dependency expressed through bean property 'sqlSessionFactory'; nested exception is org.springframework.beans.factory.BeanCreationException: Error creating bean with name 'sqlSessionFactory' defined in class path resource [org/mybatis/spring/boot/autoconfigure/MybatisAutoConfiguration.class]: Bean instantiation via factory method failed; nested exception is org.springframework.beans.BeanInstantiationException: Failed to instantiate [org.apache.ibatis.session.SqlSessionFactory]: Factory method 'sqlSessionFactory' threw exception; nested exception is java.lang.IllegalStateException: Illegal access: this web application instance has been stopped already. Could not load [mapper/]. The following stack trace is thrown for debugging purposes as well as to attempt to terminate the thread which caused the illegal access.
	at org.springframework.beans.factory.annotation.AutowiredAnnotationBeanPostProcessor$AutowiredFieldElement.inject(AutowiredAnnotationBeanPostProcessor.java:643)
	at org.springframework.beans.factory.annotation.InjectionMetadata.inject(InjectionMetadata.java:130)
	at org.springframework.beans.factory.annotation.AutowiredAnnotationBeanPostProcessor.postProcessProperties(AutowiredAnnotationBeanPostProcessor.java:399)
	at org.springframework.beans.factory.support.AbstractAutowireCapableBeanFactory.populateBean(AbstractAutowireCapableBeanFactory.java:1420)
	at org.springframework.beans.factory.support.AbstractAutowireCapableBeanFactory.doCreateBean(AbstractAutowireCapableBeanFactory.java:593)
	at org.springframework.beans.factory.support.AbstractAutowireCapableBeanFactory.createBean(AbstractAutowireCapableBeanFactory.java:516)
	at org.springframework.beans.factory.support.AbstractBeanFactory.lambda$doGetBean$0(AbstractBeanFactory.java:324)
	at org.springframework.beans.factory.support.DefaultSingletonBeanRegistry.getSingleton(DefaultSingletonBeanRegistry.java:234)
	at org.springframework.beans.factory.support.AbstractBeanFactory.doGetBean(AbstractBeanFactory.java:322)
	at org.springframework.beans.factory.support.AbstractBeanFactory.getBean(AbstractBeanFactory.java:202)
	at org.springframework.beans.factory.config.DependencyDescriptor.resolveCandidate(DependencyDescriptor.java:276)
	at org.springframework.beans.factory.support.DefaultListableBeanFactory.doResolveDependency(DefaultListableBeanFactory.java:1307)
	at org.springframework.beans.factory.support.DefaultListableBeanFactory.resolveDependency(DefaultListableBeanFactory.java:1227)
	at org.springframework.beans.factory.annotation.AutowiredAnnotationBeanPostProcessor$AutowiredFieldElement.inject(AutowiredAnnotationBeanPostProcessor.java:640)
	... 69 common frames omitted
Caused by: org.springframework.beans.factory.UnsatisfiedDependencyException: Error creating bean with name 'userMapper' defined in file [C:\Users\user\Documents\GitHub\lcom_test\bin\main\com\lcom_test\example\mapper\UserMapper.class]: Unsatisfied dependency expressed through bean property 'sqlSessionFactory'; nested exception is org.springframework.beans.factory.BeanCreationException: Error creating bean with name 'sqlSessionFactory' defined in class path resource [org/mybatis/spring/boot/autoconfigure/MybatisAutoConfiguration.class]: Bean instantiation via factory method failed; nested exception is org.springframework.beans.BeanInstantiationException: Failed to instantiate [org.apache.ibatis.session.SqlSessionFactory]: Factory method 'sqlSessionFactory' threw exception; nested exception is java.lang.IllegalStateException: Illegal access: this web application instance has been stopped already. Could not load [mapper/]. The following stack trace is thrown for debugging purposes as well as to attempt to terminate the thread which caused the illegal access.
	at org.springframework.beans.factory.support.AbstractAutowireCapableBeanFactory.autowireByType(AbstractAutowireCapableBeanFactory.java:1524)
	at org.springframework.beans.factory.support.AbstractAutowireCapableBeanFactory.populateBean(AbstractAutowireCapableBeanFactory.java:1404)
	at org.springframework.beans.factory.support.AbstractAutowireCapableBeanFactory.doCreateBean(AbstractAutowireCapableBeanFactory.java:593)
	at org.springframework.beans.factory.support.AbstractAutowireCapableBeanFactory.createBean(AbstractAutowireCapableBeanFactory.java:516)
	at org.springframework.beans.factory.support.AbstractBeanFactory.lambda$doGetBean$0(AbstractBeanFactory.java:324)
	at org.springframework.beans.factory.support.DefaultSingletonBeanRegistry.getSingleton(DefaultSingletonBeanRegistry.java:234)
	at org.springframework.beans.factory.support.AbstractBeanFactory.doGetBean(AbstractBeanFactory.java:322)
	at org.springframework.beans.factory.support.AbstractBeanFactory.getBean(AbstractBeanFactory.java:202)
	at org.springframework.beans.factory.config.DependencyDescriptor.resolveCandidate(DependencyDescriptor.java:276)
	at org.springframework.beans.factory.support.DefaultListableBeanFactory.doResolveDependency(DefaultListableBeanFactory.java:1307)
	at org.springframework.beans.factory.support.DefaultListableBeanFactory.resolveDependency(DefaultListableBeanFactory.java:1227)
	at org.springframework.beans.factory.annotation.AutowiredAnnotationBeanPostProcessor$AutowiredFieldElement.inject(AutowiredAnnotationBeanPostProcessor.java:640)
	... 82 common frames omitted
Caused by: org.springframework.beans.factory.BeanCreationException: Error creating bean with name 'sqlSessionFactory' defined in class path resource [org/mybatis/spring/boot/autoconfigure/MybatisAutoConfiguration.class]: Bean instantiation via factory method failed; nested exception is org.springframework.beans.BeanInstantiationException: Failed to instantiate [org.apache.ibatis.session.SqlSessionFactory]: Factory method 'sqlSessionFactory' threw exception; nested exception is java.lang.IllegalStateException: Illegal access: this web application instance has been stopped already. Could not load [mapper/]. The following stack trace is thrown for debugging purposes as well as to attempt to terminate the thread which caused the illegal access.
	at org.springframework.beans.factory.support.ConstructorResolver.instantiate(ConstructorResolver.java:655)
	at org.springframework.beans.factory.support.ConstructorResolver.instantiateUsingFactoryMethod(ConstructorResolver.java:635)
	at org.springframework.beans.factory.support.AbstractAutowireCapableBeanFactory.instantiateUsingFactoryMethod(AbstractAutowireCapableBeanFactory.java:1336)
	at org.springframework.beans.factory.support.AbstractAutowireCapableBeanFactory.createBeanInstance(AbstractAutowireCapableBeanFactory.java:1176)
	at org.springframework.beans.factory.support.AbstractAutowireCapableBeanFactory.doCreateBean(AbstractAutowireCapableBeanFactory.java:556)
	at org.springframework.beans.factory.support.AbstractAutowireCapableBeanFactory.createBean(AbstractAutowireCapableBeanFactory.java:516)
	at org.springframework.beans.factory.support.AbstractBeanFactory.lambda$doGetBean$0(AbstractBeanFactory.java:324)
	at org.springframework.beans.factory.support.DefaultSingletonBeanRegistry.getSingleton(DefaultSingletonBeanRegistry.java:234)
	at org.springframework.beans.factory.support.AbstractBeanFactory.doGetBean(AbstractBeanFactory.java:322)
	at org.springframework.beans.factory.support.AbstractBeanFactory.getBean(AbstractBeanFactory.java:202)
	at org.springframework.beans.factory.config.DependencyDescriptor.resolveCandidate(DependencyDescriptor.java:276)
	at org.springframework.beans.factory.support.DefaultListableBeanFactory.doResolveDependency(DefaultListableBeanFactory.java:1307)
	at org.springframework.beans.factory.support.DefaultListableBeanFactory.resolveDependency(DefaultListableBeanFactory.java:1227)
	at org.springframework.beans.factory.support.AbstractAutowireCapableBeanFactory.autowireByType(AbstractAutowireCapableBeanFactory.java:1509)
	... 93 common frames omitted
Caused by: org.springframework.beans.BeanInstantiationException: Failed to instantiate [org.apache.ibatis.session.SqlSessionFactory]: Factory method 'sqlSessionFactory' threw exception; nested exception is java.lang.IllegalStateException: Illegal access: this web application instance has been stopped already. Could not load [mapper/]. The following stack trace is thrown for debugging purposes as well as to attempt to terminate the thread which caused the illegal access.
	at org.springframework.beans.factory.support.SimpleInstantiationStrategy.instantiate(SimpleInstantiationStrategy.java:185)
	at org.springframework.beans.factory.support.ConstructorResolver.instantiate(ConstructorResolver.java:650)
	... 106 common frames omitted
Caused by: java.lang.IllegalStateException: Illegal access: this web application instance has been stopped already. Could not load [mapper/]. The following stack trace is thrown for debugging purposes as well as to attempt to terminate the thread which caused the illegal access.
	at org.apache.catalina.loader.WebappClassLoaderBase.checkStateForResourceLoading(WebappClassLoaderBase.java:1385)
	at org.apache.catalina.loader.WebappClassLoaderBase.getResource(WebappClassLoaderBase.java:1038)
	at org.springframework.core.io.ClassPathResource.resolveURL(ClassPathResource.java:155)
	at org.springframework.core.io.ClassPathResource.getURL(ClassPathResource.java:193)
	at org.springframework.core.io.support.PathMatchingResourcePatternResolver.findPathMatchingResources(PathMatchingResourcePatternResolver.java:498)
	at org.springframework.core.io.support.PathMatchingResourcePatternResolver.getResources(PathMatchingResourcePatternResolver.java:298)
	at org.mybatis.spring.boot.autoconfigure.MybatisProperties.getResources(MybatisProperties.java:210)
	at org.mybatis.spring.boot.autoconfigure.MybatisProperties.lambda$resolveMapperLocations$0(MybatisProperties.java:205)
	at java.util.stream.ReferencePipeline$7$1.accept(ReferencePipeline.java:267)
	at java.util.Spliterators$ArraySpliterator.forEachRemaining(Spliterators.java:948)
	at java.util.stream.AbstractPipeline.copyInto(AbstractPipeline.java:482)
	at java.util.stream.AbstractPipeline.wrapAndCopyInto(AbstractPipeline.java:472)
	at java.util.stream.AbstractPipeline.evaluate(AbstractPipeline.java:546)
	at java.util.stream.AbstractPipeline.evaluateToArrayNode(AbstractPipeline.java:260)
	at java.util.stream.ReferencePipeline.toArray(ReferencePipeline.java:438)
	at org.mybatis.spring.boot.autoconfigure.MybatisProperties.resolveMapperLocations(MybatisProperties.java:205)
	at org.mybatis.spring.boot.autoconfigure.MybatisAutoConfiguration.sqlSessionFactory(MybatisAutoConfiguration.java:161)
	at org.mybatis.spring.boot.autoconfigure.MybatisAutoConfiguration$$EnhancerBySpringCGLIB$$827e718b.CGLIB$sqlSessionFactory$1(<generated>)
	at org.mybatis.spring.boot.autoconfigure.MybatisAutoConfiguration$$EnhancerBySpringCGLIB$$827e718b$$FastClassBySpringCGLIB$$40a8293a.invoke(<generated>)
	at org.springframework.cglib.proxy.MethodProxy.invokeSuper(MethodProxy.java:244)
	at org.springframework.context.annotation.ConfigurationClassEnhancer$BeanMethodInterceptor.intercept(ConfigurationClassEnhancer.java:331)
	at org.mybatis.spring.boot.autoconfigure.MybatisAutoConfiguration$$EnhancerBySpringCGLIB$$827e718b.sqlSessionFactory(<generated>)
	at sun.reflect.NativeMethodAccessorImpl.invoke0(Native Method)
	at sun.reflect.NativeMethodAccessorImpl.invoke(NativeMethodAccessorImpl.java:62)
	at sun.reflect.DelegatingMethodAccessorImpl.invoke(DelegatingMethodAccessorImpl.java:43)
	at java.lang.reflect.Method.invoke(Method.java:498)
	at org.springframework.beans.factory.support.SimpleInstantiationStrategy.instantiate(SimpleInstantiationStrategy.java:154)
	... 107 common frames omitted
10:02:05.485 INFO  --- [restartedMain] c.l.example.LcomTestApplication : Starting LcomTestApplication on DESKTOP-1ECNFRJ with PID 2172 (C:\Users\user\Documents\GitHub\lcom_test\bin\main started by user in C:\Users\user\Documents\GitHub\lcom_test) 
10:02:05.489 DEBUG --- [restartedMain] c.l.example.LcomTestApplication : Running with Spring Boot v2.3.4.RELEASE, Spring v5.2.9.RELEASE 
10:02:05.489 INFO  --- [restartedMain] c.l.example.LcomTestApplication : The following profiles are active: local 
10:02:07.167 DEBUG --- [restartedMain] c.l.example.config.AuthTokenFilter : Filter 'authenticationJwtTokenFilter' configured for use 
10:02:07.692 INFO  --- [restartedMain] c.l.example.LcomTestApplication : Started LcomTestApplication in 2.727 seconds (JVM running for 3.596) 
10:06:12.305 INFO  --- [restartedMain] c.l.example.LcomTestApplication : Starting LcomTestApplication on DESKTOP-1ECNFRJ with PID 15496 (C:\Users\user\Documents\GitHub\lcom_test\bin\main started by user in C:\Users\user\Documents\GitHub\lcom_test) 
10:06:12.307 DEBUG --- [restartedMain] c.l.example.LcomTestApplication : Running with Spring Boot v2.3.4.RELEASE, Spring v5.2.9.RELEASE 
10:06:12.307 INFO  --- [restartedMain] c.l.example.LcomTestApplication : The following profiles are active: local 
10:06:13.889 DEBUG --- [restartedMain] c.l.example.config.AuthTokenFilter : Filter 'authenticationJwtTokenFilter' configured for use 
10:06:14.458 INFO  --- [restartedMain] c.l.example.LcomTestApplication : Started LcomTestApplication in 2.547 seconds (JVM running for 3.464) 
10:06:20.317 DEBUG --- [http-nio-9000-exec-1] c.l.e.controller.AuthController : Product=com.lcom_test.example.domain.Product@bf623d6 
10:07:28.932 INFO  --- [restartedMain] c.l.example.LcomTestApplication : Starting LcomTestApplication on DESKTOP-1ECNFRJ with PID 5156 (C:\Users\user\Documents\GitHub\lcom_test\bin\main started by user in C:\Users\user\Documents\GitHub\lcom_test) 
10:07:28.934 DEBUG --- [restartedMain] c.l.example.LcomTestApplication : Running with Spring Boot v2.3.4.RELEASE, Spring v5.2.9.RELEASE 
10:07:28.934 INFO  --- [restartedMain] c.l.example.LcomTestApplication : The following profiles are active: local 
10:07:30.385 DEBUG --- [restartedMain] c.l.example.config.AuthTokenFilter : Filter 'authenticationJwtTokenFilter' configured for use 
10:07:30.869 INFO  --- [restartedMain] c.l.example.LcomTestApplication : Started LcomTestApplication in 2.382 seconds (JVM running for 3.26) 
10:07:34.974 DEBUG --- [http-nio-9000-exec-1] c.l.e.controller.AuthController : Product=com.lcom_test.example.domain.Product@1384617 
10:09:19.078 INFO  --- [restartedMain] c.l.example.LcomTestApplication : Starting LcomTestApplication on DESKTOP-1ECNFRJ with PID 5156 (C:\Users\user\Documents\GitHub\lcom_test\bin\main started by user in C:\Users\user\Documents\GitHub\lcom_test) 
10:09:19.078 DEBUG --- [restartedMain] c.l.example.LcomTestApplication : Running with Spring Boot v2.3.4.RELEASE, Spring v5.2.9.RELEASE 
10:09:19.078 INFO  --- [restartedMain] c.l.example.LcomTestApplication : The following profiles are active: local 
10:09:19.405 ERROR --- [restartedMain] o.s.b.w.e.tomcat.TomcatStarter : Error starting Tomcat context. Exception: org.springframework.beans.factory.UnsatisfiedDependencyException. Message: Error creating bean with name 'webSecurityConfig': Unsatisfied dependency expressed through field 'userService'; nested exception is org.springframework.beans.factory.UnsatisfiedDependencyException: Error creating bean with name 'userServiceImpl': Unsatisfied dependency expressed through field 'userMapper'; nested exception is org.springframework.beans.factory.UnsatisfiedDependencyException: Error creating bean with name 'userMapper' defined in file [C:\Users\user\Documents\GitHub\lcom_test\bin\main\com\lcom_test\example\mapper\UserMapper.class]: Unsatisfied dependency expressed through bean property 'sqlSessionFactory'; nested exception is org.springframework.beans.factory.BeanCreationException: Error creating bean with name 'sqlSessionFactory' defined in class path resource [org/mybatis/spring/boot/autoconfigure/MybatisAutoConfiguration.class]: Bean instantiation via factory method failed; nested exception is org.springframework.beans.BeanInstantiationException: Failed to instantiate [org.apache.ibatis.session.SqlSessionFactory]: Factory method 'sqlSessionFactory' threw exception; nested exception is java.lang.IllegalStateException: Illegal access: this web application instance has been stopped already. Could not load [mapper/]. The following stack trace is thrown for debugging purposes as well as to attempt to terminate the thread which caused the illegal access. 
10:09:19.408 WARN  --- [restartedMain] o.s.b.w.s.c.AnnotationConfigServletWebServerApplicationContext : Exception encountered during context initialization - cancelling refresh attempt: org.springframework.context.ApplicationContextException: Unable to start web server; nested exception is org.springframework.boot.web.server.WebServerException: Unable to start embedded Tomcat 
10:09:19.415 ERROR --- [restartedMain] o.s.boot.SpringApplication : Application run failed 
org.springframework.context.ApplicationContextException: Unable to start web server; nested exception is org.springframework.boot.web.server.WebServerException: Unable to start embedded Tomcat
	at org.springframework.boot.web.servlet.context.ServletWebServerApplicationContext.onRefresh(ServletWebServerApplicationContext.java:161)
	at org.springframework.context.support.AbstractApplicationContext.refresh(AbstractApplicationContext.java:545)
	at org.springframework.boot.web.servlet.context.ServletWebServerApplicationContext.refresh(ServletWebServerApplicationContext.java:143)
	at org.springframework.boot.SpringApplication.refresh(SpringApplication.java:758)
	at org.springframework.boot.SpringApplication.refresh(SpringApplication.java:750)
	at org.springframework.boot.SpringApplication.refreshContext(SpringApplication.java:397)
	at org.springframework.boot.SpringApplication.run(SpringApplication.java:315)
	at org.springframework.boot.SpringApplication.run(SpringApplication.java:1237)
	at org.springframework.boot.SpringApplication.run(SpringApplication.java:1226)
	at com.lcom_test.example.LcomTestApplication.main(LcomTestApplication.java:10)
	at sun.reflect.NativeMethodAccessorImpl.invoke0(Native Method)
	at sun.reflect.NativeMethodAccessorImpl.invoke(NativeMethodAccessorImpl.java:62)
	at sun.reflect.DelegatingMethodAccessorImpl.invoke(DelegatingMethodAccessorImpl.java:43)
	at java.lang.reflect.Method.invoke(Method.java:498)
	at org.springframework.boot.devtools.restart.RestartLauncher.run(RestartLauncher.java:49)
Caused by: org.springframework.boot.web.server.WebServerException: Unable to start embedded Tomcat
	at org.springframework.boot.web.embedded.tomcat.TomcatWebServer.initialize(TomcatWebServer.java:142)
	at org.springframework.boot.web.embedded.tomcat.TomcatWebServer.<init>(TomcatWebServer.java:104)
	at org.springframework.boot.web.embedded.tomcat.TomcatServletWebServerFactory.getTomcatWebServer(TomcatServletWebServerFactory.java:437)
	at org.springframework.boot.web.embedded.tomcat.TomcatServletWebServerFactory.getWebServer(TomcatServletWebServerFactory.java:191)
	at org.springframework.boot.web.servlet.context.ServletWebServerApplicationContext.createWebServer(ServletWebServerApplicationContext.java:178)
	at org.springframework.boot.web.servlet.context.ServletWebServerApplicationContext.onRefresh(ServletWebServerApplicationContext.java:158)
	... 14 common frames omitted
Caused by: org.springframework.beans.factory.UnsatisfiedDependencyException: Error creating bean with name 'webSecurityConfig': Unsatisfied dependency expressed through field 'userService'; nested exception is org.springframework.beans.factory.UnsatisfiedDependencyException: Error creating bean with name 'userServiceImpl': Unsatisfied dependency expressed through field 'userMapper'; nested exception is org.springframework.beans.factory.UnsatisfiedDependencyException: Error creating bean with name 'userMapper' defined in file [C:\Users\user\Documents\GitHub\lcom_test\bin\main\com\lcom_test\example\mapper\UserMapper.class]: Unsatisfied dependency expressed through bean property 'sqlSessionFactory'; nested exception is org.springframework.beans.factory.BeanCreationException: Error creating bean with name 'sqlSessionFactory' defined in class path resource [org/mybatis/spring/boot/autoconfigure/MybatisAutoConfiguration.class]: Bean instantiation via factory method failed; nested exception is org.springframework.beans.BeanInstantiationException: Failed to instantiate [org.apache.ibatis.session.SqlSessionFactory]: Factory method 'sqlSessionFactory' threw exception; nested exception is java.lang.IllegalStateException: Illegal access: this web application instance has been stopped already. Could not load [mapper/]. The following stack trace is thrown for debugging purposes as well as to attempt to terminate the thread which caused the illegal access.
	at org.springframework.beans.factory.annotation.AutowiredAnnotationBeanPostProcessor$AutowiredFieldElement.inject(AutowiredAnnotationBeanPostProcessor.java:643)
	at org.springframework.beans.factory.annotation.InjectionMetadata.inject(InjectionMetadata.java:130)
	at org.springframework.beans.factory.annotation.AutowiredAnnotationBeanPostProcessor.postProcessProperties(AutowiredAnnotationBeanPostProcessor.java:399)
	at org.springframework.beans.factory.support.AbstractAutowireCapableBeanFactory.populateBean(AbstractAutowireCapableBeanFactory.java:1420)
	at org.springframework.beans.factory.support.AbstractAutowireCapableBeanFactory.doCreateBean(AbstractAutowireCapableBeanFactory.java:593)
	at org.springframework.beans.factory.support.AbstractAutowireCapableBeanFactory.createBean(AbstractAutowireCapableBeanFactory.java:516)
	at org.springframework.beans.factory.support.AbstractBeanFactory.lambda$doGetBean$0(AbstractBeanFactory.java:324)
	at org.springframework.beans.factory.support.DefaultSingletonBeanRegistry.getSingleton(DefaultSingletonBeanRegistry.java:234)
	at org.springframework.beans.factory.support.AbstractBeanFactory.doGetBean(AbstractBeanFactory.java:322)
	at org.springframework.beans.factory.support.AbstractBeanFactory.getBean(AbstractBeanFactory.java:202)
	at org.springframework.beans.factory.support.ConstructorResolver.instantiateUsingFactoryMethod(ConstructorResolver.java:408)
	at org.springframework.beans.factory.support.AbstractAutowireCapableBeanFactory.instantiateUsingFactoryMethod(AbstractAutowireCapableBeanFactory.java:1336)
	at org.springframework.beans.factory.support.AbstractAutowireCapableBeanFactory.createBeanInstance(AbstractAutowireCapableBeanFactory.java:1176)
	at org.springframework.beans.factory.support.AbstractAutowireCapableBeanFactory.doCreateBean(AbstractAutowireCapableBeanFactory.java:556)
	at org.springframework.beans.factory.support.AbstractAutowireCapableBeanFactory.createBean(AbstractAutowireCapableBeanFactory.java:516)
	at org.springframework.beans.factory.support.AbstractBeanFactory.lambda$doGetBean$0(AbstractBeanFactory.java:324)
	at org.springframework.beans.factory.support.DefaultSingletonBeanRegistry.getSingleton(DefaultSingletonBeanRegistry.java:234)
	at org.springframework.beans.factory.support.AbstractBeanFactory.doGetBean(AbstractBeanFactory.java:322)
	at org.springframework.beans.factory.support.AbstractBeanFactory.getBean(AbstractBeanFactory.java:207)
	at org.springframework.boot.web.servlet.ServletContextInitializerBeans.getOrderedBeansOfType(ServletContextInitializerBeans.java:211)
	at org.springframework.boot.web.servlet.ServletContextInitializerBeans.addAsRegistrationBean(ServletContextInitializerBeans.java:174)
	at org.springframework.boot.web.servlet.ServletContextInitializerBeans.addAsRegistrationBean(ServletContextInitializerBeans.java:169)
	at org.springframework.boot.web.servlet.ServletContextInitializerBeans.addAdaptableBeans(ServletContextInitializerBeans.java:154)
	at org.springframework.boot.web.servlet.ServletContextInitializerBeans.<init>(ServletContextInitializerBeans.java:86)
	at org.springframework.boot.web.servlet.context.ServletWebServerApplicationContext.getServletContextInitializerBeans(ServletWebServerApplicationContext.java:255)
	at org.springframework.boot.web.servlet.context.ServletWebServerApplicationContext.selfInitialize(ServletWebServerApplicationContext.java:229)
	at org.springframework.boot.web.embedded.tomcat.TomcatStarter.onStartup(TomcatStarter.java:53)
	at org.apache.catalina.core.StandardContext.startInternal(StandardContext.java:5128)
	at org.apache.catalina.util.LifecycleBase.start(LifecycleBase.java:183)
	at org.apache.catalina.core.ContainerBase$StartChild.call(ContainerBase.java:1384)
	at org.apache.catalina.core.ContainerBase$StartChild.call(ContainerBase.java:1374)
	at java.util.concurrent.FutureTask.run(FutureTask.java:266)
	at org.apache.tomcat.util.threads.InlineExecutorService.execute(InlineExecutorService.java:75)
	at java.util.concurrent.AbstractExecutorService.submit(AbstractExecutorService.java:134)
	at org.apache.catalina.core.ContainerBase.startInternal(ContainerBase.java:909)
	at org.apache.catalina.core.StandardHost.startInternal(StandardHost.java:843)
	at org.apache.catalina.util.LifecycleBase.start(LifecycleBase.java:183)
	at org.apache.catalina.core.ContainerBase$StartChild.call(ContainerBase.java:1384)
	at org.apache.catalina.core.ContainerBase$StartChild.call(ContainerBase.java:1374)
	at java.util.concurrent.FutureTask.run(FutureTask.java:266)
	at org.apache.tomcat.util.threads.InlineExecutorService.execute(InlineExecutorService.java:75)
	at java.util.concurrent.AbstractExecutorService.submit(AbstractExecutorService.java:134)
	at org.apache.catalina.core.ContainerBase.startInternal(ContainerBase.java:909)
	at org.apache.catalina.core.StandardEngine.startInternal(StandardEngine.java:262)
	at org.apache.catalina.util.LifecycleBase.start(LifecycleBase.java:183)
	at org.apache.catalina.core.StandardService.startInternal(StandardService.java:421)
	at org.apache.catalina.util.LifecycleBase.start(LifecycleBase.java:183)
	at org.apache.catalina.core.StandardServer.startInternal(StandardServer.java:930)
	at org.apache.catalina.util.LifecycleBase.start(LifecycleBase.java:183)
	at org.apache.catalina.startup.Tomcat.start(Tomcat.java:486)
	at org.springframework.boot.web.embedded.tomcat.TomcatWebServer.initialize(TomcatWebServer.java:123)
	... 19 common frames omitted
Caused by: org.springframework.beans.factory.UnsatisfiedDependencyException: Error creating bean with name 'userServiceImpl': Unsatisfied dependency expressed through field 'userMapper'; nested exception is org.springframework.beans.factory.UnsatisfiedDependencyException: Error creating bean with name 'userMapper' defined in file [C:\Users\user\Documents\GitHub\lcom_test\bin\main\com\lcom_test\example\mapper\UserMapper.class]: Unsatisfied dependency expressed through bean property 'sqlSessionFactory'; nested exception is org.springframework.beans.factory.BeanCreationException: Error creating bean with name 'sqlSessionFactory' defined in class path resource [org/mybatis/spring/boot/autoconfigure/MybatisAutoConfiguration.class]: Bean instantiation via factory method failed; nested exception is org.springframework.beans.BeanInstantiationException: Failed to instantiate [org.apache.ibatis.session.SqlSessionFactory]: Factory method 'sqlSessionFactory' threw exception; nested exception is java.lang.IllegalStateException: Illegal access: this web application instance has been stopped already. Could not load [mapper/]. The following stack trace is thrown for debugging purposes as well as to attempt to terminate the thread which caused the illegal access.
	at org.springframework.beans.factory.annotation.AutowiredAnnotationBeanPostProcessor$AutowiredFieldElement.inject(AutowiredAnnotationBeanPostProcessor.java:643)
	at org.springframework.beans.factory.annotation.InjectionMetadata.inject(InjectionMetadata.java:130)
	at org.springframework.beans.factory.annotation.AutowiredAnnotationBeanPostProcessor.postProcessProperties(AutowiredAnnotationBeanPostProcessor.java:399)
	at org.springframework.beans.factory.support.AbstractAutowireCapableBeanFactory.populateBean(AbstractAutowireCapableBeanFactory.java:1420)
	at org.springframework.beans.factory.support.AbstractAutowireCapableBeanFactory.doCreateBean(AbstractAutowireCapableBeanFactory.java:593)
	at org.springframework.beans.factory.support.AbstractAutowireCapableBeanFactory.createBean(AbstractAutowireCapableBeanFactory.java:516)
	at org.springframework.beans.factory.support.AbstractBeanFactory.lambda$doGetBean$0(AbstractBeanFactory.java:324)
	at org.springframework.beans.factory.support.DefaultSingletonBeanRegistry.getSingleton(DefaultSingletonBeanRegistry.java:234)
	at org.springframework.beans.factory.support.AbstractBeanFactory.doGetBean(AbstractBeanFactory.java:322)
	at org.springframework.beans.factory.support.AbstractBeanFactory.getBean(AbstractBeanFactory.java:202)
	at org.springframework.beans.factory.config.DependencyDescriptor.resolveCandidate(DependencyDescriptor.java:276)
	at org.springframework.beans.factory.support.DefaultListableBeanFactory.doResolveDependency(DefaultListableBeanFactory.java:1307)
	at org.springframework.beans.factory.support.DefaultListableBeanFactory.resolveDependency(DefaultListableBeanFactory.java:1227)
	at org.springframework.beans.factory.annotation.AutowiredAnnotationBeanPostProcessor$AutowiredFieldElement.inject(AutowiredAnnotationBeanPostProcessor.java:640)
	... 69 common frames omitted
Caused by: org.springframework.beans.factory.UnsatisfiedDependencyException: Error creating bean with name 'userMapper' defined in file [C:\Users\user\Documents\GitHub\lcom_test\bin\main\com\lcom_test\example\mapper\UserMapper.class]: Unsatisfied dependency expressed through bean property 'sqlSessionFactory'; nested exception is org.springframework.beans.factory.BeanCreationException: Error creating bean with name 'sqlSessionFactory' defined in class path resource [org/mybatis/spring/boot/autoconfigure/MybatisAutoConfiguration.class]: Bean instantiation via factory method failed; nested exception is org.springframework.beans.BeanInstantiationException: Failed to instantiate [org.apache.ibatis.session.SqlSessionFactory]: Factory method 'sqlSessionFactory' threw exception; nested exception is java.lang.IllegalStateException: Illegal access: this web application instance has been stopped already. Could not load [mapper/]. The following stack trace is thrown for debugging purposes as well as to attempt to terminate the thread which caused the illegal access.
	at org.springframework.beans.factory.support.AbstractAutowireCapableBeanFactory.autowireByType(AbstractAutowireCapableBeanFactory.java:1524)
	at org.springframework.beans.factory.support.AbstractAutowireCapableBeanFactory.populateBean(AbstractAutowireCapableBeanFactory.java:1404)
	at org.springframework.beans.factory.support.AbstractAutowireCapableBeanFactory.doCreateBean(AbstractAutowireCapableBeanFactory.java:593)
	at org.springframework.beans.factory.support.AbstractAutowireCapableBeanFactory.createBean(AbstractAutowireCapableBeanFactory.java:516)
	at org.springframework.beans.factory.support.AbstractBeanFactory.lambda$doGetBean$0(AbstractBeanFactory.java:324)
	at org.springframework.beans.factory.support.DefaultSingletonBeanRegistry.getSingleton(DefaultSingletonBeanRegistry.java:234)
	at org.springframework.beans.factory.support.AbstractBeanFactory.doGetBean(AbstractBeanFactory.java:322)
	at org.springframework.beans.factory.support.AbstractBeanFactory.getBean(AbstractBeanFactory.java:202)
	at org.springframework.beans.factory.config.DependencyDescriptor.resolveCandidate(DependencyDescriptor.java:276)
	at org.springframework.beans.factory.support.DefaultListableBeanFactory.doResolveDependency(DefaultListableBeanFactory.java:1307)
	at org.springframework.beans.factory.support.DefaultListableBeanFactory.resolveDependency(DefaultListableBeanFactory.java:1227)
	at org.springframework.beans.factory.annotation.AutowiredAnnotationBeanPostProcessor$AutowiredFieldElement.inject(AutowiredAnnotationBeanPostProcessor.java:640)
	... 82 common frames omitted
Caused by: org.springframework.beans.factory.BeanCreationException: Error creating bean with name 'sqlSessionFactory' defined in class path resource [org/mybatis/spring/boot/autoconfigure/MybatisAutoConfiguration.class]: Bean instantiation via factory method failed; nested exception is org.springframework.beans.BeanInstantiationException: Failed to instantiate [org.apache.ibatis.session.SqlSessionFactory]: Factory method 'sqlSessionFactory' threw exception; nested exception is java.lang.IllegalStateException: Illegal access: this web application instance has been stopped already. Could not load [mapper/]. The following stack trace is thrown for debugging purposes as well as to attempt to terminate the thread which caused the illegal access.
	at org.springframework.beans.factory.support.ConstructorResolver.instantiate(ConstructorResolver.java:655)
	at org.springframework.beans.factory.support.ConstructorResolver.instantiateUsingFactoryMethod(ConstructorResolver.java:635)
	at org.springframework.beans.factory.support.AbstractAutowireCapableBeanFactory.instantiateUsingFactoryMethod(AbstractAutowireCapableBeanFactory.java:1336)
	at org.springframework.beans.factory.support.AbstractAutowireCapableBeanFactory.createBeanInstance(AbstractAutowireCapableBeanFactory.java:1176)
	at org.springframework.beans.factory.support.AbstractAutowireCapableBeanFactory.doCreateBean(AbstractAutowireCapableBeanFactory.java:556)
	at org.springframework.beans.factory.support.AbstractAutowireCapableBeanFactory.createBean(AbstractAutowireCapableBeanFactory.java:516)
	at org.springframework.beans.factory.support.AbstractBeanFactory.lambda$doGetBean$0(AbstractBeanFactory.java:324)
	at org.springframework.beans.factory.support.DefaultSingletonBeanRegistry.getSingleton(DefaultSingletonBeanRegistry.java:234)
	at org.springframework.beans.factory.support.AbstractBeanFactory.doGetBean(AbstractBeanFactory.java:322)
	at org.springframework.beans.factory.support.AbstractBeanFactory.getBean(AbstractBeanFactory.java:202)
	at org.springframework.beans.factory.config.DependencyDescriptor.resolveCandidate(DependencyDescriptor.java:276)
	at org.springframework.beans.factory.support.DefaultListableBeanFactory.doResolveDependency(DefaultListableBeanFactory.java:1307)
	at org.springframework.beans.factory.support.DefaultListableBeanFactory.resolveDependency(DefaultListableBeanFactory.java:1227)
	at org.springframework.beans.factory.support.AbstractAutowireCapableBeanFactory.autowireByType(AbstractAutowireCapableBeanFactory.java:1509)
	... 93 common frames omitted
Caused by: org.springframework.beans.BeanInstantiationException: Failed to instantiate [org.apache.ibatis.session.SqlSessionFactory]: Factory method 'sqlSessionFactory' threw exception; nested exception is java.lang.IllegalStateException: Illegal access: this web application instance has been stopped already. Could not load [mapper/]. The following stack trace is thrown for debugging purposes as well as to attempt to terminate the thread which caused the illegal access.
	at org.springframework.beans.factory.support.SimpleInstantiationStrategy.instantiate(SimpleInstantiationStrategy.java:185)
	at org.springframework.beans.factory.support.ConstructorResolver.instantiate(ConstructorResolver.java:650)
	... 106 common frames omitted
Caused by: java.lang.IllegalStateException: Illegal access: this web application instance has been stopped already. Could not load [mapper/]. The following stack trace is thrown for debugging purposes as well as to attempt to terminate the thread which caused the illegal access.
	at org.apache.catalina.loader.WebappClassLoaderBase.checkStateForResourceLoading(WebappClassLoaderBase.java:1385)
	at org.apache.catalina.loader.WebappClassLoaderBase.getResource(WebappClassLoaderBase.java:1038)
	at org.springframework.core.io.ClassPathResource.resolveURL(ClassPathResource.java:155)
	at org.springframework.core.io.ClassPathResource.getURL(ClassPathResource.java:193)
	at org.springframework.core.io.support.PathMatchingResourcePatternResolver.findPathMatchingResources(PathMatchingResourcePatternResolver.java:498)
	at org.springframework.core.io.support.PathMatchingResourcePatternResolver.getResources(PathMatchingResourcePatternResolver.java:298)
	at org.mybatis.spring.boot.autoconfigure.MybatisProperties.getResources(MybatisProperties.java:210)
	at org.mybatis.spring.boot.autoconfigure.MybatisProperties.lambda$resolveMapperLocations$0(MybatisProperties.java:205)
	at java.util.stream.ReferencePipeline$7$1.accept(ReferencePipeline.java:267)
	at java.util.Spliterators$ArraySpliterator.forEachRemaining(Spliterators.java:948)
	at java.util.stream.AbstractPipeline.copyInto(AbstractPipeline.java:482)
	at java.util.stream.AbstractPipeline.wrapAndCopyInto(AbstractPipeline.java:472)
	at java.util.stream.AbstractPipeline.evaluate(AbstractPipeline.java:546)
	at java.util.stream.AbstractPipeline.evaluateToArrayNode(AbstractPipeline.java:260)
	at java.util.stream.ReferencePipeline.toArray(ReferencePipeline.java:438)
	at org.mybatis.spring.boot.autoconfigure.MybatisProperties.resolveMapperLocations(MybatisProperties.java:205)
	at org.mybatis.spring.boot.autoconfigure.MybatisAutoConfiguration.sqlSessionFactory(MybatisAutoConfiguration.java:161)
	at org.mybatis.spring.boot.autoconfigure.MybatisAutoConfiguration$$EnhancerBySpringCGLIB$$c5f0ff84.CGLIB$sqlSessionFactory$1(<generated>)
	at org.mybatis.spring.boot.autoconfigure.MybatisAutoConfiguration$$EnhancerBySpringCGLIB$$c5f0ff84$$FastClassBySpringCGLIB$$9f8c7026.invoke(<generated>)
	at org.springframework.cglib.proxy.MethodProxy.invokeSuper(MethodProxy.java:244)
	at org.springframework.context.annotation.ConfigurationClassEnhancer$BeanMethodInterceptor.intercept(ConfigurationClassEnhancer.java:331)
	at org.mybatis.spring.boot.autoconfigure.MybatisAutoConfiguration$$EnhancerBySpringCGLIB$$c5f0ff84.sqlSessionFactory(<generated>)
	at sun.reflect.NativeMethodAccessorImpl.invoke0(Native Method)
	at sun.reflect.NativeMethodAccessorImpl.invoke(NativeMethodAccessorImpl.java:62)
	at sun.reflect.DelegatingMethodAccessorImpl.invoke(DelegatingMethodAccessorImpl.java:43)
	at java.lang.reflect.Method.invoke(Method.java:498)
	at org.springframework.beans.factory.support.SimpleInstantiationStrategy.instantiate(SimpleInstantiationStrategy.java:154)
	... 107 common frames omitted
11:00:26.010 INFO  --- [restartedMain] c.l.example.LcomTestApplication : Starting LcomTestApplication on DESKTOP-1ECNFRJ with PID 7876 (C:\Users\user\Documents\GitHub\lcom_test\bin\main started by user in C:\Users\user\Documents\GitHub\lcom_test) 
11:00:26.014 DEBUG --- [restartedMain] c.l.example.LcomTestApplication : Running with Spring Boot v2.3.4.RELEASE, Spring v5.2.9.RELEASE 
11:00:26.014 INFO  --- [restartedMain] c.l.example.LcomTestApplication : The following profiles are active: local 
11:00:28.121 DEBUG --- [restartedMain] c.l.example.config.AuthTokenFilter : Filter 'authenticationJwtTokenFilter' configured for use 
11:00:28.857 INFO  --- [restartedMain] c.l.example.LcomTestApplication : Started LcomTestApplication in 3.423 seconds (JVM running for 4.758) 
11:00:29.622 ERROR --- [http-nio-9000-exec-3] c.lcom_test.example.config.JwtUtils : JWT token is expired: JWT expired at 2021-07-13T16:04:47Z. Current time: 2021-07-29T11:00:29Z, a difference of 1364142622 milliseconds.  Allowed clock skew: 0 milliseconds. 
11:00:29.622 ERROR --- [http-nio-9000-exec-4] c.lcom_test.example.config.JwtUtils : JWT token is expired: JWT expired at 2021-07-13T16:04:47Z. Current time: 2021-07-29T11:00:29Z, a difference of 1364142622 milliseconds.  Allowed clock skew: 0 milliseconds. 
11:00:29.864 DEBUG --- [http-nio-9000-exec-4] c.l.e.m.P.selectCartList : ==>  Preparing: SELECT c.ct_id, c.p_id, c.u_id, p.p_name, p.p_price, p.p_from, p.p_brand, i.i_name, i.i_pk, i.i_id FROM vue_cart c LEFT JOIN vue_product p ON c.p_id = p.p_id LEFT JOIN vue_img i ON i.p_id = p.p_id WHERE u_id = ? LIMIT ?,8 
11:00:29.864 DEBUG --- [http-nio-9000-exec-3] c.l.e.m.P.selectCartList : ==>  Preparing: SELECT c.ct_id, c.p_id, c.u_id, p.p_name, p.p_price, p.p_from, p.p_brand, i.i_name, i.i_pk, i.i_id FROM vue_cart c LEFT JOIN vue_product p ON c.p_id = p.p_id LEFT JOIN vue_img i ON i.p_id = p.p_id WHERE u_id = ? LIMIT ?,8 
11:00:29.889 DEBUG --- [http-nio-9000-exec-4] c.l.e.m.P.selectCartList : ==> Parameters: admin(String), 0(Integer) 
11:00:29.889 DEBUG --- [http-nio-9000-exec-3] c.l.e.m.P.selectCartList : ==> Parameters: admin(String), 8(Integer) 
11:00:29.913 DEBUG --- [http-nio-9000-exec-3] c.l.e.m.P.selectCartList : <==      Total: 0 
11:00:29.913 TRACE --- [http-nio-9000-exec-4] c.l.e.m.P.selectCartList : <==    Columns: ct_id, p_id, u_id, p_name, p_price, p_from, p_brand, i_name, i_pk, i_id 
11:00:29.913 TRACE --- [http-nio-9000-exec-4] c.l.e.m.P.selectCartList : <==        Row: 5, 67, admin, Test, 30000, Test, Test, 쇼핑몰 사진 예시.PNG, 1626060746931, 67 
11:00:29.915 TRACE --- [http-nio-9000-exec-4] c.l.e.m.P.selectCartList : <==        Row: 4, 75, admin, Test, 30000, Test, Test, 쇼핑몰 예시 3.PNG, 1626158901268, 75 
11:00:29.916 DEBUG --- [http-nio-9000-exec-4] c.l.e.m.P.selectCartList : <==      Total: 2 
11:00:29.919 DEBUG --- [http-nio-9000-exec-4] c.l.e.controller.AuthController : username:admin 
11:00:29.919 DEBUG --- [http-nio-9000-exec-3] c.l.e.controller.AuthController : username:admin 
11:00:30.772 ERROR --- [http-nio-9000-exec-7] c.lcom_test.example.config.JwtUtils : JWT token is expired: JWT expired at 2021-07-13T16:04:47Z. Current time: 2021-07-29T11:00:30Z, a difference of 1364143771 milliseconds.  Allowed clock skew: 0 milliseconds. 
11:00:30.780 DEBUG --- [http-nio-9000-exec-7] c.l.e.m.P.selectProductList : ==>  Preparing: SELECT p.p_id, p.p_name, p.p_date, p.p_price, p.p_from, p.p_brand, i.i_id, i.p_id, i.i_name, i.i_pk FROM vue_product p LEFT JOIN vue_img i ON p.p_id = i.p_id LIMIT ?,8 
11:00:30.780 DEBUG --- [http-nio-9000-exec-7] c.l.e.m.P.selectProductList : ==> Parameters: 8(Integer) 
11:00:30.781 DEBUG --- [http-nio-9000-exec-7] c.l.e.m.P.selectProductList : <==      Total: 0 
11:00:30.781 INFO  --- [http-nio-9000-exec-7] c.l.e.controller.AuthController : [] 
11:00:30.788 ERROR --- [http-nio-9000-exec-8] c.lcom_test.example.config.JwtUtils : JWT token is expired: JWT expired at 2021-07-13T16:04:47Z. Current time: 2021-07-29T11:00:30Z, a difference of 1364143788 milliseconds.  Allowed clock skew: 0 milliseconds. 
11:00:30.791 DEBUG --- [http-nio-9000-exec-8] c.l.e.m.P.selectProductList : ==>  Preparing: SELECT p.p_id, p.p_name, p.p_date, p.p_price, p.p_from, p.p_brand, i.i_id, i.p_id, i.i_name, i.i_pk FROM vue_product p LEFT JOIN vue_img i ON p.p_id = i.p_id LIMIT ?,8 
11:00:30.791 DEBUG --- [http-nio-9000-exec-8] c.l.e.m.P.selectProductList : ==> Parameters: 0(Integer) 
11:00:30.792 TRACE --- [http-nio-9000-exec-8] c.l.e.m.P.selectProductList : <==    Columns: p_id, p_name, p_date, p_price, p_from, p_brand, i_id, p_id, i_name, i_pk 
11:00:30.794 TRACE --- [http-nio-9000-exec-8] c.l.e.m.P.selectProductList : <==        Row: 67, Test, 2021-07-13 14:42:29, 30000, Test, Test, 67, 67, 쇼핑몰 사진 예시.PNG, 1626060746931 
11:00:30.795 TRACE --- [http-nio-9000-exec-8] c.l.e.m.P.selectProductList : <==        Row: 75, Test, 2021-07-13 15:50:56, 30000, Test, Test, 75, 75, 쇼핑몰 예시 3.PNG, 1626158901268 
11:00:30.796 TRACE --- [http-nio-9000-exec-8] c.l.e.m.P.selectProductList : <==        Row: 76, Test, 2021-07-13 15:51:05, 30000, Test, Test, 76, 76, 쇼핑몰 예시 4.PNG, 1626158918561 
11:00:30.797 TRACE --- [http-nio-9000-exec-8] c.l.e.m.P.selectProductList : <==        Row: 77, Test, 2021-07-13 15:51:14, 30000, Test, Test, 77, 77, 쇼핑몰 예시 5.PNG, 1626158937829 
11:00:30.798 TRACE --- [http-nio-9000-exec-8] c.l.e.m.P.selectProductList : <==        Row: 84, Test, 2021-07-19 15:39:06, 30000, Test, Test, 84, 84, 쇼핑몰 예시 3.PNG, 202161961626158901268 
11:00:30.799 DEBUG --- [http-nio-9000-exec-8] c.l.e.m.P.selectProductList : <==      Total: 5 
11:00:30.799 INFO  --- [http-nio-9000-exec-8] c.l.e.controller.AuthController : [com.lcom_test.example.domain.Product@1868e435, com.lcom_test.example.domain.Product@70dbea26, com.lcom_test.example.domain.Product@60895c4a, com.lcom_test.example.domain.Product@21fff3ac, com.lcom_test.example.domain.Product@7e69e2ea] 
11:00:32.019 ERROR --- [http-nio-9000-exec-10] c.lcom_test.example.config.JwtUtils : JWT token is expired: JWT expired at 2021-07-13T16:04:47Z. Current time: 2021-07-29T11:00:32Z, a difference of 1364145018 milliseconds.  Allowed clock skew: 0 milliseconds. 
11:00:32.023 DEBUG --- [http-nio-9000-exec-10] c.l.e.controller.AuthController : pId:67 
11:00:32.024 DEBUG --- [http-nio-9000-exec-10] c.l.e.m.ProductMapper.getProduct : ==>  Preparing: SELECT p.p_id, p.p_name, p.p_price, p.p_from, p.p_brand, i.i_name, i.i_pk, i.p_id FROM vue_product p LEFT JOIN vue_img i ON p.p_id = i.p_id WHERE p.p_id = ? 
11:00:32.024 DEBUG --- [http-nio-9000-exec-10] c.l.e.m.ProductMapper.getProduct : ==> Parameters: 67(Integer) 
11:00:32.025 TRACE --- [http-nio-9000-exec-10] c.l.e.m.ProductMapper.getProduct : <==    Columns: p_id, p_name, p_price, p_from, p_brand, i_name, i_pk, p_id 
11:00:32.026 TRACE --- [http-nio-9000-exec-10] c.l.e.m.ProductMapper.getProduct : <==        Row: 67, Test, 30000, Test, Test, 쇼핑몰 사진 예시.PNG, 1626060746931, 67 
11:00:32.027 DEBUG --- [http-nio-9000-exec-10] c.l.e.m.ProductMapper.getProduct : <==      Total: 1 
11:00:37.087 ERROR --- [http-nio-9000-exec-4] c.lcom_test.example.config.JwtUtils : JWT token is expired: JWT expired at 2021-07-13T16:04:47Z. Current time: 2021-07-29T11:00:37Z, a difference of 1364150087 milliseconds.  Allowed clock skew: 0 milliseconds. 
11:00:37.184 DEBUG --- [http-nio-9000-exec-4] c.l.e.controller.AuthController : Product=com.lcom_test.example.domain.Product@1652700b 
11:09:54.152 ERROR --- [http-nio-9000-exec-6] c.lcom_test.example.config.JwtUtils : JWT token is expired: JWT expired at 2021-07-13T16:04:47Z. Current time: 2021-07-29T11:09:54Z, a difference of 1364707152 milliseconds.  Allowed clock skew: 0 milliseconds. 
11:09:54.155 DEBUG --- [http-nio-9000-exec-6] c.l.e.controller.AuthController : Product=com.lcom_test.example.domain.Product@705212eb 
11:10:29.793 ERROR --- [http-nio-9000-exec-8] c.lcom_test.example.config.JwtUtils : JWT token is expired: JWT expired at 2021-07-13T16:04:47Z. Current time: 2021-07-29T11:10:29Z, a difference of 1364742793 milliseconds.  Allowed clock skew: 0 milliseconds. 
11:10:29.795 DEBUG --- [http-nio-9000-exec-8] c.l.e.controller.AuthController : Product=com.lcom_test.example.domain.Product@7b8dd0a4 
11:11:38.444 ERROR --- [http-nio-9000-exec-10] c.lcom_test.example.config.JwtUtils : JWT token is expired: JWT expired at 2021-07-13T16:04:47Z. Current time: 2021-07-29T11:11:38Z, a difference of 1364811444 milliseconds.  Allowed clock skew: 0 milliseconds. 
11:11:38.445 DEBUG --- [http-nio-9000-exec-10] c.l.e.controller.AuthController : Product=com.lcom_test.example.domain.Product@5f058722 
11:11:50.999 ERROR --- [http-nio-9000-exec-1] c.lcom_test.example.config.JwtUtils : JWT token is expired: JWT expired at 2021-07-13T16:04:47Z. Current time: 2021-07-29T11:11:50Z, a difference of 1364823998 milliseconds.  Allowed clock skew: 0 milliseconds. 
11:11:51.000 DEBUG --- [http-nio-9000-exec-1] c.l.e.controller.AuthController : Product=com.lcom_test.example.domain.Product@7621ebce 
